--2016-02-10 21:45:36--  http://www.rcsb.org/pdb/files/2LUB.pdb
Resolving www.rcsb.org (www.rcsb.org)... 128.6.70.10
Connecting to www.rcsb.org (www.rcsb.org)|128.6.70.10|:80... connected.
HTTP request sent, awaiting response... 200 OK
Length: unspecified [text/plain]
Saving to: ‘2LUB.pdb’

     0K .......... .......... .......... .......... ..........  237K
    50K .......... .......... .......... .......... ..........  251K
   100K .......... .......... .......... .......... ..........  850K
   150K .......... .......... .......... .......... ..........  625K
   200K .......... .......... .......... .......... .......... 1.12M
   250K .......... .......... .......... .......... ..........  671K
   300K .......... .......... .......... .......... .......... 1.25M
   350K .......... .......... .......... .......... .......... 1.02M
   400K .......... .......... .......... .......... ..........  881K
   450K .......... .......... .......... .......... .......... 1.23M
   500K .......... .......... .......... .......... ..........  547K
   550K .......... .......... .......... .......... .......... 1.01M
   600K .......... .......... .......... .......... .......... 4.66M
   650K .......... .......... .......... .......... ..........  386K
   700K .......... .......... .......... .......... ..........  904K
   750K .......... .......... .......... .......... .......... 1.31M
   800K .......... .......... .......... .......... ..........  815K
   850K .......... .......... .......... .......... ..........  483K
   900K .......... .......... .......... .......... .......... 1.96M
   950K ........                                               18.5M=1.4s

2016-02-10 21:45:38 (678 KB/s) - ‘2LUB.pdb’ saved [981153]

2LUB contains 10 models
