--2016-02-10 21:41:18--  http://www.rcsb.org/pdb/files/1R7Z.pdb
Resolving www.rcsb.org (www.rcsb.org)... 128.6.70.10
Connecting to www.rcsb.org (www.rcsb.org)|128.6.70.10|:80... connected.
HTTP request sent, awaiting response... 200 OK
Length: unspecified [text/plain]
Saving to: ‘1R7Z.pdb’

     0K .......... .......... .......... .......... ..........  143K
    50K .......... .......... .......... .......... ..........  226K
   100K .......... .......... .......... .......... ..........  371K
   150K .......... .......... .......... .......... .......... 98.1K
   200K .......... .......... .......... .......... .......... 3.25M
   250K .......... .......... .......... .......... ..........  254K
   300K .......... .......... .......... .......... ..........  288K
   350K .......... .......... .......... .......... ..........  482K
   400K .......... .......... .......... .......... ..........  996K
   450K .......... .......... .......... .......... ..........  448K
   500K .......... .......... .......... .......... ..........  229K
   550K .......... .......... .......... .......... .......... 7.89M
   600K .......... .......... .......... .......... ..........  228K
   650K .......... .......... .......... .......... ..........  221K
   700K .......... .......... .......... .......... .......... 4.39M
   750K .......... .......... .......... .......... ..........  501K
   800K .......... .......... .......... .......... .......... 9.77M
   850K .......... .......... .......... .......... ..........  326K
   900K .......... .......... .......... .......... .......... 2.47M
   950K .......... .......... .......... .......... ..........  198K
  1000K .......... .......... .......... .......... ..........  877K
  1050K .......... .......... .......... .......... .......... 1.30M
  1100K .......... .......... .......... .......... .......... 1.38M
  1150K .......... .......... .......... .......... .......... 2.01M
  1200K .......... .......... .......... .......... .......... 8.79M
  1250K .......... .......... .......... .......... ..........  469K
  1300K .......... .......... .......... .......... .......... 2.16M
  1350K .......... .......... .......... .......... ..........  492K
  1400K .......... .......... .......... .......... .......... 1.85M
  1450K .......... .......... .......... .......... .......... 1.13M
  1500K .......... .......... .......... .......... .......... 9.58M
  1550K .......... .......... .......... .......... .......... 1.37M
  1600K .......... .......... .......... .......... .......... 3.89M
  1650K .......... .......... .......... .......... .......... 1.15M
  1700K .......... .......... .......... ....                  2.78M=3.6s

2016-02-10 21:41:23 (476 KB/s) - ‘1R7Z.pdb’ saved [1776573]

1R7Z contains 20 models
