--2016-02-10 21:47:22--  http://www.rcsb.org/pdb/files/2K63.pdb
Resolving www.rcsb.org (www.rcsb.org)... 128.6.70.10
Connecting to www.rcsb.org (www.rcsb.org)|128.6.70.10|:80... connected.
HTTP request sent, awaiting response... 200 OK
Length: unspecified [text/plain]
Saving to: ‘2K63.pdb’

     0K .......... .......... .......... .......... ..........  651K
    50K .......... .......... .......... .......... ..........  721K
   100K .......... .......... .......... .......... .......... 1.48M
   150K .......... .......... .......... .......... .......... 2.35M
   200K .......... .......... .......... .......... .......... 1.19M
   250K .......... .......... .......... .......... .......... 2.25M
   300K .......... .......... .......... .......... .......... 1.30M
   350K .......... .......... .......... .......... .......... 1.21M
   400K .......... .......... .......... .......... .......... 2.66M
   450K .......... .......... .......... .......... .......... 1.21M
   500K .......... .......... .......... .......... .......... 3.95M
   550K .......... .......... .......... .......... .......... 1.20M
   600K .......... .......... .......... .......... .......... 3.23M
   650K .......... .......... .......... .......... ..........  950K
   700K .......... .......... .......... .......... .......... 1.38M
   750K .......... .......... .......... .......... .......... 1.45M
   800K .......... .......... .......... .......... .......... 1.23M
   850K .......... .......... .......... .......... .......... 2.02M
   900K .......... .......... .......... .......... ..........  710K
   950K .......... .......... .......... .......... .......... 1.89M
  1000K .......... .......... .......... .......... .......... 1.13M
  1050K .......... .......... .......... .......... .......... 2.45M
  1100K .......... .......... .......... .......... .......... 1.75M
  1150K .......... .......... .......... .......... .......... 3.96M
  1200K .......... .......... .......... .......... .......... 1017K
  1250K .......... .......... .......... .......... .......... 4.55M
  1300K .......... .......... .......... .......... .......... 3.22M
  1350K .......... .......... .......... .......... .......... 2.30M
  1400K .......... .......... .......... .......... .......... 5.11M
  1450K .......... .......... .......... .......... ...        1.85M=1.0s

2016-02-10 21:47:23 (1.49 MB/s) - ‘2K63.pdb’ saved [1529523]

2K63 contains 20 models
