--2016-02-10 21:52:03--  http://www.rcsb.org/pdb/files/2MIS.pdb
Resolving www.rcsb.org (www.rcsb.org)... 128.6.70.10
Connecting to www.rcsb.org (www.rcsb.org)|128.6.70.10|:80... connected.
HTTP request sent, awaiting response... 200 OK
Length: unspecified [text/plain]
Saving to: ‘2MIS.pdb’

     0K .......... .......... .......... .......... ..........  482K
    50K .......... .......... .......... .......... ..........  533K
   100K .......... .......... .......... .......... ..........  849K
   150K .......... .......... .......... .......... .......... 1.00M
   200K .......... .......... .......... .......... .......... 1.03M
   250K .......... .......... .......... .......... ..........  893K
   300K .......... .......... .......... .......... .......... 1.19M
   350K .......... .......... .......... .......... .......... 1.13M
   400K .......... .......... .......... .......... ..........  606K
   450K .......... .......... .......... .......... .......... 1.42M
   500K .......... .......... .......... .......... .......... 1.05M
   550K .......... .......... .......... .......... ..........  832K
   600K .......... .......... .......... .......... .......... 1.24M
   650K .......... .......... .......... .......... .......... 1.19M
   700K .......... .......... .......... .......... .......... 2.50M
   750K .......... .......... .......... .......... .......... 1.15M
   800K .......... .......... .......... .......... .......... 1.13M
   850K .......... .......... .......... .......... .......... 1008K
   900K .......... .......... .......... .......... .......... 5.65M
   950K .......... .......... .......... .......... ..........  825K
  1000K .......... .......... .......... .......... .......... 1.34M
  1050K .......... .......... .......... .......... .......... 1.43M
  1100K .......... .......... .......... .......... .......... 4.73M
  1150K .......... .......... .......... .......... ..........  772K
  1200K .......... .......... .......... .......... .......... 1.33M
  1250K .......... .......... .......... .......... .......... 2.75M
  1300K .......... .......... .......... .......... .......... 1.51M
  1350K .......... .......... .......... .......... .......... 1.86M
  1400K .......... .......... .......... .......... .......... 4.00M
  1450K .......... .......... .......... ........               988K=1.3s

2016-02-10 21:52:05 (1.09 MB/s) - ‘2MIS.pdb’ saved [1523934]

2MIS contains 21 models
