--2016-02-10 21:52:28--  http://www.rcsb.org/pdb/files/1XHP.pdb
Resolving www.rcsb.org (www.rcsb.org)... 128.6.70.10
Connecting to www.rcsb.org (www.rcsb.org)|128.6.70.10|:80... connected.
HTTP request sent, awaiting response... 200 OK
Length: unspecified [text/plain]
Saving to: ‘1XHP.pdb’

     0K .......... .......... .......... .......... ..........  451K
    50K .......... .......... .......... .......... ..........  462K
   100K .......... .......... .......... .......... .......... 1.07M
   150K .......... .......... .......... .......... ..........  642K
   200K .......... .......... .......... .......... ..........  283K
   250K .......... .......... .......... .......... ..........  215K
   300K .......... .......... .......... .......... .......... 1016K
   350K .......... .......... .......... .......... ..........  814K
   400K .......... .......... .......... .......... ..........  678K
   450K .......... .......... .......... .......... ..........  815K
   500K .......... .......... .......... .......... ..........  635K
   550K .......... .......... .......... .......... .......... 1.20M
   600K .......... .......... .......... .......... ..........  625K
   650K .......... .......... .......... .......... .......... 1.21M
   700K .......... .......... .......... .......... .......... 1.06M
   750K .......... .......... .......... .......... ..........  725K
   800K .......... .......... ....                             1.44M=1.4s

2016-02-10 21:52:29 (602 KB/s) - ‘1XHP.pdb’ saved [843858]

1XHP contains 10 models
