--2016-02-10 21:43:59--  http://www.rcsb.org/pdb/files/2LDL.pdb
Resolving www.rcsb.org (www.rcsb.org)... 128.6.70.10
Connecting to www.rcsb.org (www.rcsb.org)|128.6.70.10|:80... connected.
HTTP request sent, awaiting response... 200 OK
Length: unspecified [text/plain]
Saving to: ‘2LDL.pdb’

     0K .......... .......... .......... .......... .......... 95.9K
    50K .......... .......... .......... .......... ..........  153K
   100K .......... .......... .......... .......... ..........  489K
   150K .......... .......... .......... .......... .......... 81.4K
   200K .......... .......... .......... .......... ..........  165K
   250K .......... .......... .......... .......... .......... 81.9K
   300K .......... .......... .......... .......... ..........  369K
   350K .......... .......... .......... .......... ..........  440K
   400K .......... .......... .......... .......... ..........  232K
   450K .......... .......... .......... .......... ..........  152K
   500K .......... .......... .......... .......... ..........  439K
   550K .......... .......... .......... .......... ..........  408K
   600K .......... .......... .......... .......... .......... 1.78M
   650K .......... .......... .......... .......... ..........  560K
   700K .......... .......... .......... .......... ..........  543K
   750K .......... .......... .......... .......... ..........  407K
   800K .......... .......... .......... ..                     528K=3.9s

2016-02-10 21:44:03 (213 KB/s) - ‘2LDL.pdb’ saved [852687]

2LDL contains 12 models
