--2016-02-10 21:47:54--  http://www.rcsb.org/pdb/files/2K65.pdb
Resolving www.rcsb.org (www.rcsb.org)... 128.6.70.10
Connecting to www.rcsb.org (www.rcsb.org)|128.6.70.10|:80... connected.
HTTP request sent, awaiting response... 200 OK
Length: unspecified [text/plain]
Saving to: ‘2K65.pdb’

     0K .......... .......... .......... .......... ..........  633K
    50K .......... .......... .......... .......... ..........  777K
   100K .......... .......... .......... .......... .......... 1.31M
   150K .......... .......... .......... .......... .......... 1.52M
   200K .......... .......... .......... .......... .......... 1.39M
   250K .......... .......... .......... .......... .......... 1.78M
   300K .......... .......... .......... .......... .......... 1.53M
   350K .......... .......... .......... .......... .......... 1.17M
   400K .......... .......... .......... .......... .......... 8.06M
   450K .......... .......... .......... .......... .......... 1.04M
   500K .......... .......... .......... .......... .......... 1.47M
   550K .......... .......... .......... .......... .......... 2.55M
   600K .......... .......... .......... .......... .......... 1.84M
   650K .......... .......... .......... .......... .......... 2.06M
   700K .......... .......... .......... ..                    3.38M=0.5s

2016-02-10 21:47:55 (1.39 MB/s) - ‘2K65.pdb’ saved [750141]

2K65 contains 20 models
