--2016-02-10 21:48:43--  http://www.rcsb.org/pdb/files/2LX1.pdb
Resolving www.rcsb.org (www.rcsb.org)... 128.6.70.10
Connecting to www.rcsb.org (www.rcsb.org)|128.6.70.10|:80... connected.
HTTP request sent, awaiting response... 200 OK
Length: unspecified [text/plain]
Saving to: ‘2LX1.pdb’

     0K .......... .......... .......... .......... ..........  576K
    50K .......... .......... .......... .......... ..........  729K
   100K .......... .......... .......... .......... .......... 1.06M
   150K .......... .......... .......... .......... .......... 1.28M
   200K .......... .......... .......... .......... .......... 1.42M
   250K .......... .......... .......... .......... .......... 2.35M
   300K .......... .......... .......... .......... .......... 1.18M
   350K .......... .......... .......... .......... .......... 1.17M
   400K .......... .......... .......... .......... .......... 2.60M
   450K .......... .......... .......... .......... .......... 1.25M
   500K .......... .......... .......... .......... .......... 1.52M
   550K .......... .......... .......... .......... ..........  810K
   600K .......... .......... .......... .......... .......... 3.24M
   650K .......... .......... .......... .......... .......... 1.17M
   700K .......... .......... .......... .......... .......... 4.81M
   750K .......... .......... .......... .......... .......... 1.07M
   800K .......... .......... .......... .......... ..........  171K
   850K .......... .......... .......... .......... .......... 99.6M
   900K .......... .......... .......... .......... .......... 8.06M
   950K .......... .......... .......... .......... .......... 1.29M
  1000K .......... .......... .......... .......... .......... 1.23M
  1050K .......... .......... .......... .......... .....      2.22M=1.0s

2016-02-10 21:48:44 (1.03 MB/s) - ‘2LX1.pdb’ saved [1122012]

2LX1 contains 19 models
