--2016-02-10 21:52:39--  http://www.rcsb.org/pdb/files/1ZC5.pdb
Resolving www.rcsb.org (www.rcsb.org)... 128.6.70.10
Connecting to www.rcsb.org (www.rcsb.org)|128.6.70.10|:80... connected.
HTTP request sent, awaiting response... 200 OK
Length: unspecified [text/plain]
Saving to: ‘1ZC5.pdb’

     0K .......... .......... .......... .......... ..........  673K
    50K .......... .......... .......... .......... ..........  701K
   100K .......... .......... .......... .......... ..........  477K
   150K .......... .......... .......... .......... ..........  836K
   200K .......... .......... .......... .......... .......... 1.19M
   250K .......... .......... .......... .......... ..........  728K
   300K .......... .......... .......... .......... .......... 1.15M
   350K .......... .......... .......... .......... .......... 1.30M
   400K .......... .......... .......... .......... .......... 1.08M
   450K .......... .......... .......... .......... .......... 1.31M
   500K .......... .......... .......... .......... .......... 1.24M
   550K .......... .......... .......... .......... .......... 1.91M
   600K .......... .......... .......... .......... .......... 1.58M
   650K .......... .......... .......... .......... .......... 1.27M
   700K .......... .......... .......... .......... .......... 1.30M
   750K .......... .......... .......... .......... .......... 1.38M
   800K .......... .......... .......... .......... .......... 3.43M
   850K .......... .......... .......... .......... ..........  804K
   900K .......... .......... .......... .......... .......... 1.30M
   950K .......... .......... .......... .......... .......... 1.43M
  1000K .......... .......... .......... .......... .......... 1.26M
  1050K .......... .......... .......... .......... .......... 4.85M
  1100K .......... .......... .......... .......... .......... 1.29M
  1150K .......... .......... .......... .......... .......... 1.48M
  1200K .......... .......... .......... .......... .......... 2.33M
  1250K .......... .......... .......... .......... .......... 1.77M
  1300K .......... .......... .......... .......... .......... 1.67M
  1350K .......... .......... .......... .......... .......... 1.36M
  1400K .......... .......... .......... .......... .......... 4.36M
  1450K .......... .......... .......... .......... ..........  984K
  1500K .......... .......... .......... .......... .......... 1.58M
  1550K .......... .......... .......... .......... .......... 2.52M
  1600K .......... .......... .......... .......... .......... 1.58M
  1650K .......... .......... .......... .......... ..........  918K
  1700K .......... .......... .......... .......... .......... 1.97M
  1750K .......... .......... .......... .......... ..........  892K
  1800K .......... .......... .......... .......... .......... 1.61M
  1850K .......... .......... .......... .......... .......... 3.11M
  1900K .......... .......... .......... .......... .......... 1.84M
  1950K .......... .......... .......... .......... .......... 2.25M
  2000K .......... .......... .......... .......... .......... 1.76M
  2050K .......... .......... .......... .......... .......... 6.25M
  2100K .......... .......... ..                               1.15M=1.6s

2016-02-10 21:52:41 (1.30 MB/s) - ‘1ZC5.pdb’ saved [2173716]

1ZC5 contains 20 models
