--2016-02-10 21:53:25--  http://www.rcsb.org/pdb/files/2QH3.pdb
Resolving www.rcsb.org (www.rcsb.org)... 128.6.70.10
Connecting to www.rcsb.org (www.rcsb.org)|128.6.70.10|:80... connected.
HTTP request sent, awaiting response... 200 OK
Length: unspecified [text/plain]
Saving to: ‘2QH3.pdb’

     0K .......... .......... .......... .......... ..........  461K
    50K .......... .......... .......... .......... ..........  528K
   100K .......... .......... .......... .......... .......... 1.26M
   150K .......... .......... .......... .......... .......... 1.07M
   200K .......... .......... .......... .......... ..........  744K
   250K .......... .......... .......... .......... .......... 1.09M
   300K .......... .......... .......... .......... ..........  915K
   350K .......... .......... .......... .......... .......... 1012K
   400K .......... .......... .......... .......... ..........  952K
   450K .......... .......... .......... .......... .......... 2.29M
   500K .......... .......... .......... .......... .......... 1.48M
   550K .......... .......... .......... .......... .......... 1.46M
   600K .......... .......... .......... .......... .......... 1.54M
   650K .......... .......... .......... .......... .......... 2.32M
   700K .......... .......... .......... .......... .......... 1.91M
   750K .......... .......... .......... .......... ..........  553K
   800K .......... .......... .......... .......... .......... 10.4M
   850K .......... .......... .......... .......... .......... 1.29M
   900K .......... .......... .......... .......... .......... 3.40M
   950K .......... .......... .......... .......... .......... 1.11M
  1000K .......... .......... .......... .......... .......... 1.56M
  1050K .......... .......... .......... .......... .......... 8.56M
  1100K .......... .......... .......... .......... .......... 1.13M
  1150K .......... .......... ........                         3.78M=1.0s

2016-02-10 21:53:26 (1.15 MB/s) - ‘2QH3.pdb’ saved [1206900]

2QH3 contains 20 models
