--2016-02-10 21:48:35--  http://www.rcsb.org/pdb/files/2LUN.pdb
Resolving www.rcsb.org (www.rcsb.org)... 128.6.70.10
Connecting to www.rcsb.org (www.rcsb.org)|128.6.70.10|:80... connected.
HTTP request sent, awaiting response... 200 OK
Length: unspecified [text/plain]
Saving to: ‘2LUN.pdb’

     0K .......... .......... .......... .......... ..........  497K
    50K .......... .......... .......... .......... ..........  892K
   100K .......... .......... .......... .......... .......... 1.06M
   150K .......... .......... .......... .......... .......... 1.40M
   200K .......... .......... .......... .......... .......... 1.80M
   250K .......... .......... .......... .......... .......... 1002K
   300K .......... .......... .......... .......... .......... 2.22M
   350K .......... .......... .......... .......... ..........  968K
   400K .......... .......... .......... .......... .......... 1.36M
   450K .......... .......... .......... .......... .......... 2.83M
   500K .......... .......... .......... .......... .......... 1.77M
   550K .......... .......... ........                         3.20M=0.5s

2016-02-10 21:48:36 (1.18 MB/s) - ‘2LUN.pdb’ saved [592515]

2LUN contains 8 models
