--2016-02-10 21:48:08--  http://www.rcsb.org/pdb/files/2LI4.pdb
Resolving www.rcsb.org (www.rcsb.org)... 128.6.70.10
Connecting to www.rcsb.org (www.rcsb.org)|128.6.70.10|:80... connected.
HTTP request sent, awaiting response... 200 OK
Length: unspecified [text/plain]
Saving to: ‘2LI4.pdb’

     0K .......... .......... .......... .......... ..........  485K
    50K .......... .......... .......... .......... ..........  780K
   100K .......... .......... .......... .......... .......... 1.25M
   150K .......... .......... .......... .......... .......... 1.29M
   200K .......... .......... .......... .......... .......... 1017K
   250K .......... .......... .......... .......... .......... 6.21M
   300K .......... .......... .......... .......... ..........  878K
   350K .......... .......... .......... .......... .......... 9.18M
   400K .......... .......... .......... .......... .......... 1.24M
   450K .......... .......... .......... .......... .......... 1.10M
   500K .......... .......... .......... .......... .......... 2.67M
   550K .......... .......... .......... .......... .......... 1.35M
   600K .......... .......... .......... .......... .......... 3.94M
   650K .......... .......... .......... .......... .......... 1.22M
   700K .......... .......... .......... .......... .......... 3.08M
   750K .......... .......... .......... .......... .......... 1.08M
   800K .......... .......... .......... .......... .......... 1.37M
   850K .......... .......... .......... .......... .......... 2.78M
   900K .......... .......... .......... .......... .......... 1.36M
   950K .......... .......... .......... .......... .......... 8.64M
  1000K .......... .......... .......... .......... .......... 1.20M
  1050K .......... .......... .......... .......... .......... 2.95M
  1100K .......... .......... .......... .......... .......... 3.24M
  1150K .......... .......... .......... .......... .......... 2.64M
  1200K .......... .......... .......... .......... .......... 2.46M
  1250K .......... .......... .......... .......... .......... 3.80M
  1300K .......... .......... .......... .......... .......... 1.34M
  1350K .......... .......... .......... .......... .......... 9.67M
  1400K .......... .......... .......... .......... ..........  765K
  1450K .......... .......... .......... .......... .......... 5.39M
  1500K .......... .......... .......... .......... .......... 8.79M
  1550K .......... .......... .......... .......... .......... 1.28M
  1600K .......... .......... .......... ........              12.4M=1.0s

2016-02-10 21:48:09 (1.61 MB/s) - ‘2LI4.pdb’ saved [1677429]

2LI4 contains 20 models
