--2016-02-10 21:42:08--  http://www.rcsb.org/pdb/files/2FDT.pdb
Resolving www.rcsb.org (www.rcsb.org)... 128.6.70.10
Connecting to www.rcsb.org (www.rcsb.org)|128.6.70.10|:80... connected.
HTTP request sent, awaiting response... 200 OK
Length: unspecified [text/plain]
Saving to: ‘2FDT.pdb’

     0K .......... .......... .......... .......... ..........  171K
    50K .......... .......... .......... .......... ..........  201K
   100K .......... .......... .......... .......... ..........  157K
   150K .......... .......... .......... .......... ..........  175K
   200K .......... .......... .......... .......... ..........  364K
   250K .......... .......... .......... .......... ..........  315K
   300K .......... .......... .......... .......... .......... 30.1K
   350K .......... .......... .......... .......... ..........  161K
   400K .......... .......... .......... .......... .......... 63.7K
   450K .......... .......... .......... .......... .......... 68.3K
   500K .......... .......... .......... .......... ..........  287K
   550K .......... .......... .......... .......... ..........  121K
   600K .......... .......... .......... .......... .......... 58.7K
   650K .......... .......... .......... .......... .......... 56.2K
   700K .......... .......... .......... .......... .......... 52.8K
   750K .......... .......... .......... .......... ..........  103K
   800K .......... .......... .......... .......... .......... 9.69K
   850K .......... .......... .......... .......... .......... 22.9K
   900K .......... .......... .......... .......... .......... 98.3K
   950K .......... .......... .......... .......... ..........  130K
  1000K .......... .......... ....                              137K=17s

2016-02-10 21:42:26 (59.9 KB/s) - ‘2FDT.pdb’ saved [1048869]

2FDT contains 11 models
