--2016-02-10 21:44:11--  http://www.rcsb.org/pdb/files/2LDT.pdb
Resolving www.rcsb.org (www.rcsb.org)... 128.6.70.10
Connecting to www.rcsb.org (www.rcsb.org)|128.6.70.10|:80... connected.
HTTP request sent, awaiting response... 200 OK
Length: unspecified [text/plain]
Saving to: ‘2LDT.pdb’

     0K .......... .......... .......... .......... ..........  465K
    50K .......... .......... .......... .......... ..........  853K
   100K .......... .......... .......... .......... ..........  887K
   150K .......... .......... .......... .......... .......... 1.45M
   200K .......... .......... .......... .......... .......... 1.22M
   250K .......... .......... .......... .......... .......... 1.16M
   300K .......... .......... .......... .......... .......... 1.15M
   350K .......... .......... .......... .......... .......... 2.11M
   400K .......... .......... .......... .......... .......... 1.97M
   450K .......... .......... .......... .......... .......... 1.57M
   500K .......... .......... .......... .......... .......... 1.05M
   550K .......... .......... .......... .......... .......... 4.09M
   600K .......... .......... .......... .......... .......... 1.18M
   650K .......... .......... .......... .......... .......... 1.14M
   700K .......... .......... .......... .......... .......... 6.98M
   750K .......... .......... .......... .......... .......... 1.04M
   800K .......... .......... .......... .......... .......... 1010K
   850K .......... .......... .......... .......... .......... 3.31M
   900K .......... .......... .......... .......... .......... 2.03M
   950K .......... .......... .......... .......... .......... 1.03M
  1000K .......... .......... .......... .......... .......... 2.73M
  1050K                                                        1.46K=0.8s

2016-02-10 21:44:12 (1.26 MB/s) - ‘2LDT.pdb’ saved [1075275]

2LDT contains 13 models
