--2016-02-10 21:41:54--  http://www.rcsb.org/pdb/files/1YSV.pdb
Resolving www.rcsb.org (www.rcsb.org)... 128.6.70.10
Connecting to www.rcsb.org (www.rcsb.org)|128.6.70.10|:80... connected.
HTTP request sent, awaiting response... 200 OK
Length: unspecified [text/plain]
Saving to: ‘1YSV.pdb’

     0K .......... .......... .......... .......... .......... 70.1K
    50K .......... .......... .......... .......... ..........  404K
   100K .......... .......... .......... .......... ..........  629K
   150K .......... .......... .......... .......... ..........  593K
   200K .......... .......... .......... .......... ..........  451K
   250K .......... .......... .......... .......... ..........  402K
   300K .......... .......... .......... .......... ..........  371K
   350K .......... .......... .......... .......... ..........  320K
   400K .......... .......... .......... .......... ..........  475K
   450K .......... .......... .......... .......... .......... 1.77M
   500K .......... .......... .......... .......... ..........  933K
   550K .......... .......... .......... .......... ..........  261K
   600K .......... .......... .......... .......... ..........  269K
   650K .......... .......... .......... .......... .......... 1.36M
   700K .......... .......... .......... .......... ..........  558K
   750K .......... .......... .......... .......... ..........  320K
   800K .......... .......... .......... .......... .......... 2.86M
   850K .......... .......... .......... .......... ..........  192K
   900K .......... .                                           6.09M=2.7s

2016-02-10 21:41:58 (344 KB/s) - ‘1YSV.pdb’ saved [933444]

1YSV contains 13 models
