--2016-02-10 21:53:37--  http://www.rcsb.org/pdb/files/2QH4.pdb
Resolving www.rcsb.org (www.rcsb.org)... 128.6.70.10
Connecting to www.rcsb.org (www.rcsb.org)|128.6.70.10|:80... connected.
HTTP request sent, awaiting response... 200 OK
Length: unspecified [text/plain]
Saving to: ‘2QH4.pdb’

     0K .......... .......... .......... .......... ..........  463K
    50K .......... .......... .......... .......... ..........  717K
   100K .......... .......... .......... .......... .......... 1.08M
   150K .......... .......... .......... .......... ..........  900K
   200K .......... .......... .......... .......... .......... 1.42M
   250K .......... .......... .......... .......... .......... 1.37M
   300K .......... .......... .......... .......... .......... 1.18M
   350K .......... .......... .......... .......... ..........  560K
   400K .......... .......... .......... .......... .......... 8.63M
   450K .......... .......... .......... .......... .......... 1.41M
   500K .......... .......... .......... .......... .......... 1.09M
   550K .......... .......... .......... .......... .......... 1.09M
   600K .......... .......... .......... .......... .......... 4.56M
   650K .......... .......... .......... .......... .......... 1.32M
   700K .......... .......... .......... .......... .......... 1.27M
   750K .......... .......... .......... .......... .......... 4.29M
   800K .......... .......... .......... .......... .......... 1.07M
   850K .......... .......... .......... .......... .......... 1.38M
   900K .......... .......... .......... .....                 9.84M=0.8s

2016-02-10 21:53:38 (1.16 MB/s) - ‘2QH4.pdb’ saved [957906]

2QH4 contains 20 models
