
Basic usage:  rna_minimize.default.linuxgccrelease  -s <pdb file> 
              rna_minimize.default.linuxgccrelease  -in:file:silent <silent file> 

 Type -help for full slate of options.

core.init: Rosetta version unknown:exported  from http://www.rosettacommons.org
core.init: command: rna_minimize.default.linuxgccrelease -s model_1.pdb -out:file:silent model_1_min.out -native model_1.pdb
core.init: 'RNG device' seed mode, using '/dev/urandom', seed=1153568337 seed_offset=0 real_seed=1153568337
core.init.random: RandomGenerator:init: Normal mode, seed=1153568337 RG_type=mt19937
core.init: Resolved executable path: /export/apps/rosetta/src/rosetta_src_2016.32.58837_bundle/main/source/build/src/release/linux/2.6/64/x86/gcc/4.4/default/rna_minimize.default.linuxgccrelease
core.init: Looking for database based on location of executable: /export/apps/rosetta/src/rosetta_src_2016.32.58837_bundle/main/database/
core.chemical.ResidueTypeSet: Finished initializing fa_standard residue type set.  Created 414 residue types
core.chemical.ResidueTypeSet: Total time to initialize 0.8 seconds.
core.conformation.Conformation: [ WARNING ] Building missing atom ( P  ) at root of residue tree, using stubs:  O5'  C5'  C4'
This probably means that a torsion angle is being taken from the ideal residue and
should be further optimized...
core.conformation.Conformation: [ WARNING ] Building missing atom ( P  ) at root of residue tree, using stubs:  O5'  C5'  C4'
This probably means that a torsion angle is being taken from the ideal residue and
should be further optimized...
core.scoring.etable: Starting energy table calculation
core.scoring.etable: smooth_etable: changing atr/rep split to bottom of energy well
core.scoring.etable: smooth_etable: spline smoothing lj etables (maxdis = 6)
core.scoring.etable: smooth_etable: spline smoothing solvation etables (max_dis = 6)
core.scoring.etable: Finished calculating energy tables.
basic.io.database: Database file opened: scoring/score_functions/hbonds/sp2_elec_params/HBPoly1D.csv
basic.io.database: Database file opened: scoring/score_functions/hbonds/sp2_elec_params/HBFadeIntervals.csv
basic.io.database: Database file opened: scoring/score_functions/hbonds/sp2_elec_params/HBEval.csv
basic.io.database: Database file opened: scoring/score_functions/carbon_hbond/ch_o_bond_potential.dat
protocols.farna.movers.RNA_Minimizer: Orienting 2' hydroxyls...
protocols.farna.movers.RNA_Minimizer: Minimizing...round= 1
protocols.farna.movers.RNA_Minimizer: Orienting 2' hydroxyls...
protocols.farna.movers.RNA_Minimizer: Minimizing...round= 2
protocols.farna.movers.RNA_Minimizer: 
------------------------------------------------------------
 Scores                       Weight   Raw Score Wghtd.Score
------------------------------------------------------------
 fa_atr                       0.230    -340.120     -78.228
 fa_rep                       0.120      44.238       5.309
 fa_intra_rep                 0.003     189.721       0.550
 lk_nonpolar                  0.320       3.184       1.019
 fa_elec_rna_phos_phos        1.050       0.479       0.503
 ch_bond                      0.420     -95.775     -40.225
 rna_torsion                  0.100      25.611       2.561
 rna_sugar_close              0.700       3.861       2.703
 hbond_sr_bb_sc               0.620      -1.232      -0.764
 hbond_lr_bb_sc               3.400       0.000       0.000
 hbond_sc                     3.400     -47.220    -160.549
 geom_sol                     0.620     125.939      78.082
 atom_pair_constraint         1.000       0.000       0.000
 linear_chainbreak            5.000       0.000       0.000
---------------------------------------------------
 Total weighted score:                     -189.038
protocols.farna.movers.RNA_Minimizer: RNA minimizer finished in 34 seconds.
All atom rmsd: 5.27316e-07 to 2.02888
Outputting model_1_minimize to silent file: model_1_min.out

Basic usage:  rna_extract.default.linuxgccrelease  -in::file::silent <silent file> -tags <model tag like S_00001> 

 Type -help for full slate of options.

core.init: Rosetta version unknown:exported  from http://www.rosettacommons.org
core.init: command: rna_extract.default.linuxgccrelease -in:file:silent model_1_min.out
core.init: 'RNG device' seed mode, using '/dev/urandom', seed=-1258023119 seed_offset=0 real_seed=-1258023119
core.init.random: RandomGenerator:init: Normal mode, seed=-1258023119 RG_type=mt19937
core.init: Resolved executable path: /export/apps/rosetta/src/rosetta_src_2016.32.58837_bundle/main/source/build/src/release/linux/2.6/64/x86/gcc/4.4/default/rna_extract.default.linuxgccrelease
core.init: Looking for database based on location of executable: /export/apps/rosetta/src/rosetta_src_2016.32.58837_bundle/main/database/
core.chemical.ResidueTypeSet: Finished initializing fa_standard residue type set.  Created 414 residue types
core.chemical.ResidueTypeSet: Total time to initialize 0.85 seconds.
core.io.silent.SilentFileData: Reading all structures from model_1_min.out
core.io.silent.SilentFileData: Finished reading 1 structures from model_1_min.out
Extracting: model_1_minimize

Basic usage:  rna_minimize.default.linuxgccrelease  -s <pdb file> 
              rna_minimize.default.linuxgccrelease  -in:file:silent <silent file> 

 Type -help for full slate of options.

core.init: Rosetta version unknown:exported  from http://www.rosettacommons.org
core.init: command: rna_minimize.default.linuxgccrelease -s model_2.pdb -out:file:silent model_2_min.out -native model_2.pdb
core.init: 'RNG device' seed mode, using '/dev/urandom', seed=-99573956 seed_offset=0 real_seed=-99573956
core.init.random: RandomGenerator:init: Normal mode, seed=-99573956 RG_type=mt19937
core.init: Resolved executable path: /export/apps/rosetta/src/rosetta_src_2016.32.58837_bundle/main/source/build/src/release/linux/2.6/64/x86/gcc/4.4/default/rna_minimize.default.linuxgccrelease
core.init: Looking for database based on location of executable: /export/apps/rosetta/src/rosetta_src_2016.32.58837_bundle/main/database/
core.chemical.ResidueTypeSet: Finished initializing fa_standard residue type set.  Created 414 residue types
core.chemical.ResidueTypeSet: Total time to initialize 0.86 seconds.
core.import_pose.import_pose: File: model_2.pdb not found!

ERROR: Cannot open file "model_2.pdb"
ERROR:: Exit from: src/core/import_pose/import_pose.cc line: 268
/export/apps/rosetta/src/rosetta_src_2016.32.58837_bundle/main/source/build/src/release/linux/2.6/64/x86/gcc/4.4/default/libutility.so(utility::exit(std::string const&, int, std::string const&, int)+0x341) [0x7fb9ba09e931]
/export/apps/rosetta/src/rosetta_src_2016.32.58837_bundle/main/source/build/src/release/linux/2.6/64/x86/gcc/4.4/default/libcore.5.so(core::import_pose::pose_from_file(core::pose::Pose&, core::chemical::ResidueTypeSet const&, std::string const&, core::import_pose::ImportPoseOptions const&, bool, core::import_pose::FileType)+0x434) [0x7fb9be5482c4]
/export/apps/rosetta/src/rosetta_src_2016.32.58837_bundle/main/source/build/src/release/linux/2.6/64/x86/gcc/4.4/default/libcore.5.so(core::import_pose::pose_from_file(core::pose::Pose&, core::chemical::ResidueTypeSet const&, std::string const&, bool, core::import_pose::FileType)+0x54) [0x7fb9be549894]
rna_minimize.default.linuxgccrelease() [0x411f02]
rna_minimize.default.linuxgccrelease() [0x414a74]
/lib64/libc.so.6(__libc_start_main+0xfd) [0x3e7641ed1d]
rna_minimize.default.linuxgccrelease() [0x4107e9]
caught exception 

[ERROR] EXCN_utility_exit has been thrown from: src/core/import_pose/import_pose.cc line: 268
ERROR: Cannot open file "model_2.pdb"



Basic usage:  rna_extract.default.linuxgccrelease  -in::file::silent <silent file> -tags <model tag like S_00001> 

 Type -help for full slate of options.

core.init: Rosetta version unknown:exported  from http://www.rosettacommons.org
core.init: command: rna_extract.default.linuxgccrelease -in:file:silent model_2_min.out
core.init: 'RNG device' seed mode, using '/dev/urandom', seed=1956127948 seed_offset=0 real_seed=1956127948
core.init.random: RandomGenerator:init: Normal mode, seed=1956127948 RG_type=mt19937
core.init: Resolved executable path: /export/apps/rosetta/src/rosetta_src_2016.32.58837_bundle/main/source/build/src/release/linux/2.6/64/x86/gcc/4.4/default/rna_extract.default.linuxgccrelease
core.init: Looking for database based on location of executable: /export/apps/rosetta/src/rosetta_src_2016.32.58837_bundle/main/database/
core.chemical.ResidueTypeSet: Finished initializing fa_standard residue type set.  Created 414 residue types
core.chemical.ResidueTypeSet: Total time to initialize 0.84 seconds.

ERROR: ERROR: Unable to open silent_input file: 'model_2_min.out'
ERROR:: Exit from: src/core/io/silent/SilentFileData.cc line: 239
/export/apps/rosetta/src/rosetta_src_2016.32.58837_bundle/main/source/build/src/release/linux/2.6/64/x86/gcc/4.4/default/libutility.so(utility::exit(std::string const&, int, std::string const&, int)+0x341) [0x7fa3c65d0931]
/export/apps/rosetta/src/rosetta_src_2016.32.58837_bundle/main/source/build/src/release/linux/2.6/64/x86/gcc/4.4/default/libcore.3.so(core::io::silent::SilentFileData::read_tags_fast(std::string const&, utility::vector1<std::string, std::allocator<std::string> >&) const+0x5de) [0x7fa3c899913e]
/export/apps/rosetta/src/rosetta_src_2016.32.58837_bundle/main/source/build/src/release/linux/2.6/64/x86/gcc/4.4/default/libcore.3.so(core::io::silent::SilentFileData::read_tags_fast(std::string const&) const+0x3c) [0x7fa3c899937c]
/export/apps/rosetta/src/rosetta_src_2016.32.58837_bundle/main/source/build/src/release/linux/2.6/64/x86/gcc/4.4/default/libcore.3.so(core::io::silent::SilentFileData::_read_file(std::string const&, bool)+0x6e) [0x7fa3c899dbce]
/export/apps/rosetta/src/rosetta_src_2016.32.58837_bundle/main/source/build/src/release/linux/2.6/64/x86/gcc/4.4/default/libcore.3.so(core::io::silent::SilentFileData::read_file(std::string const&)+0x82) [0x7fa3c899edb2]
rna_extract.default.linuxgccrelease() [0x409b6f]
rna_extract.default.linuxgccrelease() [0x40a842]
/lib64/libc.so.6(__libc_start_main+0xfd) [0x3e7641ed1d]
rna_extract.default.linuxgccrelease() [0x408e19]
caught exception 

[ERROR] EXCN_utility_exit has been thrown from: src/core/io/silent/SilentFileData.cc line: 239
ERROR: ERROR: Unable to open silent_input file: 'model_2_min.out'



Basic usage:  rna_minimize.default.linuxgccrelease  -s <pdb file> 
              rna_minimize.default.linuxgccrelease  -in:file:silent <silent file> 

 Type -help for full slate of options.

core.init: Rosetta version unknown:exported  from http://www.rosettacommons.org
core.init: command: rna_minimize.default.linuxgccrelease -s model_3.pdb -out:file:silent model_3_min.out -native model_3.pdb
core.init: 'RNG device' seed mode, using '/dev/urandom', seed=-250565502 seed_offset=0 real_seed=-250565502
core.init.random: RandomGenerator:init: Normal mode, seed=-250565502 RG_type=mt19937
core.init: Resolved executable path: /export/apps/rosetta/src/rosetta_src_2016.32.58837_bundle/main/source/build/src/release/linux/2.6/64/x86/gcc/4.4/default/rna_minimize.default.linuxgccrelease
core.init: Looking for database based on location of executable: /export/apps/rosetta/src/rosetta_src_2016.32.58837_bundle/main/database/
core.chemical.ResidueTypeSet: Finished initializing fa_standard residue type set.  Created 414 residue types
core.chemical.ResidueTypeSet: Total time to initialize 0.83 seconds.
core.import_pose.import_pose: File: model_3.pdb not found!

ERROR: Cannot open file "model_3.pdb"
ERROR:: Exit from: src/core/import_pose/import_pose.cc line: 268
/export/apps/rosetta/src/rosetta_src_2016.32.58837_bundle/main/source/build/src/release/linux/2.6/64/x86/gcc/4.4/default/libutility.so(utility::exit(std::string const&, int, std::string const&, int)+0x341) [0x7fc9d13b9931]
/export/apps/rosetta/src/rosetta_src_2016.32.58837_bundle/main/source/build/src/release/linux/2.6/64/x86/gcc/4.4/default/libcore.5.so(core::import_pose::pose_from_file(core::pose::Pose&, core::chemical::ResidueTypeSet const&, std::string const&, core::import_pose::ImportPoseOptions const&, bool, core::import_pose::FileType)+0x434) [0x7fc9d58632c4]
/export/apps/rosetta/src/rosetta_src_2016.32.58837_bundle/main/source/build/src/release/linux/2.6/64/x86/gcc/4.4/default/libcore.5.so(core::import_pose::pose_from_file(core::pose::Pose&, core::chemical::ResidueTypeSet const&, std::string const&, bool, core::import_pose::FileType)+0x54) [0x7fc9d5864894]
rna_minimize.default.linuxgccrelease() [0x411f02]
rna_minimize.default.linuxgccrelease() [0x414a74]
/lib64/libc.so.6(__libc_start_main+0xfd) [0x3e7641ed1d]
rna_minimize.default.linuxgccrelease() [0x4107e9]
caught exception 

[ERROR] EXCN_utility_exit has been thrown from: src/core/import_pose/import_pose.cc line: 268
ERROR: Cannot open file "model_3.pdb"



Basic usage:  rna_extract.default.linuxgccrelease  -in::file::silent <silent file> -tags <model tag like S_00001> 

 Type -help for full slate of options.

core.init: Rosetta version unknown:exported  from http://www.rosettacommons.org
core.init: command: rna_extract.default.linuxgccrelease -in:file:silent model_3_min.out
core.init: 'RNG device' seed mode, using '/dev/urandom', seed=-523106555 seed_offset=0 real_seed=-523106555
core.init.random: RandomGenerator:init: Normal mode, seed=-523106555 RG_type=mt19937
core.init: Resolved executable path: /export/apps/rosetta/src/rosetta_src_2016.32.58837_bundle/main/source/build/src/release/linux/2.6/64/x86/gcc/4.4/default/rna_extract.default.linuxgccrelease
core.init: Looking for database based on location of executable: /export/apps/rosetta/src/rosetta_src_2016.32.58837_bundle/main/database/
core.chemical.ResidueTypeSet: Finished initializing fa_standard residue type set.  Created 414 residue types
core.chemical.ResidueTypeSet: Total time to initialize 0.84 seconds.

ERROR: ERROR: Unable to open silent_input file: 'model_3_min.out'
ERROR:: Exit from: src/core/io/silent/SilentFileData.cc line: 239
/export/apps/rosetta/src/rosetta_src_2016.32.58837_bundle/main/source/build/src/release/linux/2.6/64/x86/gcc/4.4/default/libutility.so(utility::exit(std::string const&, int, std::string const&, int)+0x341) [0x7f9c88e64931]
/export/apps/rosetta/src/rosetta_src_2016.32.58837_bundle/main/source/build/src/release/linux/2.6/64/x86/gcc/4.4/default/libcore.3.so(core::io::silent::SilentFileData::read_tags_fast(std::string const&, utility::vector1<std::string, std::allocator<std::string> >&) const+0x5de) [0x7f9c8b22d13e]
/export/apps/rosetta/src/rosetta_src_2016.32.58837_bundle/main/source/build/src/release/linux/2.6/64/x86/gcc/4.4/default/libcore.3.so(core::io::silent::SilentFileData::read_tags_fast(std::string const&) const+0x3c) [0x7f9c8b22d37c]
/export/apps/rosetta/src/rosetta_src_2016.32.58837_bundle/main/source/build/src/release/linux/2.6/64/x86/gcc/4.4/default/libcore.3.so(core::io::silent::SilentFileData::_read_file(std::string const&, bool)+0x6e) [0x7f9c8b231bce]
/export/apps/rosetta/src/rosetta_src_2016.32.58837_bundle/main/source/build/src/release/linux/2.6/64/x86/gcc/4.4/default/libcore.3.so(core::io::silent::SilentFileData::read_file(std::string const&)+0x82) [0x7f9c8b232db2]
rna_extract.default.linuxgccrelease() [0x409b6f]
rna_extract.default.linuxgccrelease() [0x40a842]
/lib64/libc.so.6(__libc_start_main+0xfd) [0x3e7641ed1d]
rna_extract.default.linuxgccrelease() [0x408e19]
caught exception 

[ERROR] EXCN_utility_exit has been thrown from: src/core/io/silent/SilentFileData.cc line: 239
ERROR: ERROR: Unable to open silent_input file: 'model_3_min.out'


