--2016-02-10 21:40:27--  http://www.rcsb.org/pdb/files/1OW9.pdb
Resolving www.rcsb.org (www.rcsb.org)... 128.6.70.10
Connecting to www.rcsb.org (www.rcsb.org)|128.6.70.10|:80... connected.
HTTP request sent, awaiting response... 200 OK
Length: unspecified [text/plain]
Saving to: ‘1OW9.pdb’

     0K .......... .......... .......... .......... ..........  451K
    50K .......... .......... .......... .......... ..........  596K
   100K .......... .......... .......... .......... ..........  535K
   150K .......... .......... .......... .......... ..........  985K
   200K .......... .......... .......... .......... .......... 1.12M
   250K .......... .......... .......... .......... .......... 1.00M
   300K .......... .......... .......... .......... .......... 2.83M
   350K .......... .......... .......... .......... .......... 1.34M
   400K .......... .......... .......... .......... .......... 6.11M
   450K .......... .......... .......... .......... .......... 1.60M
   500K .......... .......... .......... .......... .......... 2.45M
   550K .......... .......... .......... .......... .......... 1.76M
   600K .......... .......... .......... .......... .......... 1.15M
   650K .......... ..........                                  7.74M=0.6s

2016-02-10 21:40:28 (1.06 MB/s) - ‘1OW9.pdb’ saved [686394]

1OW9 contains 11 models
