--2016-02-10 21:48:51--  http://www.rcsb.org/pdb/files/2M12.pdb
Resolving www.rcsb.org (www.rcsb.org)... 128.6.70.10
Connecting to www.rcsb.org (www.rcsb.org)|128.6.70.10|:80... connected.
HTTP request sent, awaiting response... 200 OK
Length: unspecified [text/plain]
Saving to: ‘2M12.pdb’

     0K .......... .......... .......... .......... ..........  678K
    50K .......... .......... .......... .......... ..........  638K
   100K .......... .......... .......... .......... .......... 1.25M
   150K .......... .......... .......... .......... .......... 1.34M
   200K .......... .......... .......... .......... .......... 2.57M
   250K .......... .......... .......... .......... .......... 1.01M
   300K .......... .......... .......... .......... .......... 1.60M
   350K .......... .......... .......... .......... .......... 2.13M
   400K .......... .......... .......... .......... .......... 1.94M
   450K .......... .......... .......... .......... .......... 1.35M
   500K .......... .......... .......... .......... .......... 1.85M
   550K .......... .......... .......... .......... .......... 1.92M
   600K                                                        9.21M=0.5s

2016-02-10 21:48:52 (1.27 MB/s) - ‘2M12.pdb’ saved [614709]

2M12 contains 10 models
