--2016-02-10 21:43:31--  http://www.rcsb.org/pdb/files/2KOC.pdb
Resolving www.rcsb.org (www.rcsb.org)... 128.6.70.10
Connecting to www.rcsb.org (www.rcsb.org)|128.6.70.10|:80... connected.
HTTP request sent, awaiting response... 200 OK
Length: unspecified [text/plain]
Saving to: ‘2KOC.pdb’

     0K .......... .......... .......... .......... ..........  596K
    50K .......... .......... .......... .......... ..........  767K
   100K .......... .......... .......... .......... .......... 1.30M
   150K .......... .......... .......... .......... ..........  162K
   200K .......... .......... .......... .......... ..........  765K
   250K .......... .......... .......... .......... ..........  823K
   300K .......... .......... .......... .......... ..........  833K
   350K .......... .......... .......... .......... ..........  671K
   400K .......... .......... .......... .......... .......... 1.05M
   450K .......... .......... .......... .......... ..........  578K
   500K .......... .......... .......... .......... .......... 1.23M
   550K .......... .......... .......... .......... ..........  808K
   600K .......... .......... .......... .......... ..........  579K
   650K .......... .......... .......... .......... ..........  560K
   700K .......... .......... .....                            1.55M=1.2s

2016-02-10 21:43:32 (614 KB/s) - ‘2KOC.pdb’ saved [743337]

2KOC contains 20 models
