--2016-02-10 21:46:02--  http://www.rcsb.org/pdb/files/2RN1.pdb
Resolving www.rcsb.org (www.rcsb.org)... 128.6.70.10
Connecting to www.rcsb.org (www.rcsb.org)|128.6.70.10|:80... connected.
HTTP request sent, awaiting response... 200 OK
Length: unspecified [text/plain]
Saving to: ‘2RN1.pdb’

     0K .......... .......... .......... .......... ..........  368K
    50K .......... .......... .......... .......... ..........  478K
   100K .......... .......... .......... .......... ..........  555K
   150K .......... .......... .......... .......... .......... 1.02M
   200K .......... .......... .......... .......... ..........  776K
   250K .......... .......... .......... .......... .......... 1.15M
   300K .......... .......... .......... .......... .......... 1.63M
   350K .......... .......... .......... .......... ..........  525K
   400K .......... .......... .......... .......... ..........  475K
   450K .......... .......... .......... .......... ..........  216K
   500K .......... .......... .......... .......... ..........  584K
   550K .......... .......... .......... .......... ..........  265K
   600K .......... .......... .......... .......... .......... 4.79M
   650K .......... .......... .......... .......... ..........  324K
   700K .......... .......... .......... .......... ..........  291K
   750K .......... .......... .......... .......... ..........  458K
   800K .......... .......... .......... .......... ..........  258K
   850K .......... .......... .......... .......... ..........  448K
   900K .......... .......... .......... .......... ..........  273K
   950K .......... .......... .......... .......... ..........  324K
  1000K .......... .......... .......... .......... ..........  343K
  1050K .......... .......... .......... .......... ..........  326K
  1100K .......... .......... .......... .......... ..........  268K
  1150K .......... .......... .......... .......... .......... 1.27M
  1200K .......... .......... .......... .......... ..........  127K
  1250K .......... .......... .......... .......... ..........  504K
  1300K .......... .......... .......... .......... ..........  453K
  1350K .......... .......... .......... .......... ..........  286K
  1400K ..........                                              235K=3.7s

2016-02-10 21:46:06 (386 KB/s) - ‘2RN1.pdb’ saved [1444149]

2RN1 contains 17 models
