--2016-02-10 21:45:46--  http://www.rcsb.org/pdb/files/2LV0.pdb
Resolving www.rcsb.org (www.rcsb.org)... 128.6.70.10
Connecting to www.rcsb.org (www.rcsb.org)|128.6.70.10|:80... connected.
HTTP request sent, awaiting response... 200 OK
Length: unspecified [text/plain]
Saving to: ‘2LV0.pdb’

     0K .......... .......... .......... .......... .......... 77.6K
    50K .......... .......... .......... .......... ..........  174K
   100K .......... .......... .......... .......... .......... 82.3K
   150K .......... .......... .......... .......... ..........  108K
   200K .......... .......... .......... .......... .......... 79.2K
   250K .......... .......... .......... .......... .......... 67.0K
   300K .......... .......... .......... .......... ..........  135K
   350K .......... .......... .......... .......... .......... 72.2K
   400K .......... .......... .......... .......... .......... 58.8K
   450K .......... .......... .......... .......... ..........  167K
   500K .......... .......... .......... .......... ..........  135K
   550K .......... .......... .......... .......... .......... 97.5K
   600K .......... .......... .......... .......... ..........  109K
   650K .......... .......... .......... ........               372K=7.0s

2016-02-10 21:45:54 (97.8 KB/s) - ‘2LV0.pdb’ saved [704862]

2LV0 contains 11 models
