--2016-02-10 21:53:11--  http://www.rcsb.org/pdb/files/2QH2.pdb
Resolving www.rcsb.org (www.rcsb.org)... 128.6.70.10
Connecting to www.rcsb.org (www.rcsb.org)|128.6.70.10|:80... connected.
HTTP request sent, awaiting response... 200 OK
Length: unspecified [text/plain]
Saving to: ‘2QH2.pdb’

     0K .......... .......... .......... .......... ..........  550K
    50K .......... .......... .......... .......... ..........  655K
   100K .......... .......... .......... .......... .......... 1.21M
   150K .......... .......... .......... .......... .......... 1.18M
   200K .......... .......... .......... .......... .......... 1.07M
   250K .......... .......... .......... .......... .......... 1.10M
   300K .......... .......... .......... .......... .......... 1.17M
   350K .......... .......... .......... .......... .......... 2.54M
   400K .......... .......... .......... .......... .......... 1.33M
   450K .......... .......... .......... .......... .......... 1.28M
   500K .......... .......... .......... .......... .......... 1.23M
   550K .......... .......... .......... .......... .......... 8.19M
   600K .......... .......... .......... .......... .......... 1.21M
   650K .......... .......... .......... .......... .......... 1.04M
   700K .......... .......... .......... .......... .......... 11.1M
   750K .......... .......... .......... .......... ..........  957K
   800K .......... .......... .......... .......... .......... 2.96M
   850K .......... .......... .......... .......... .......... 1.65M
   900K .......... .......... .......... .......... .......... 1.38M
   950K .......... .......... .......... .......... .......... 2.65M
  1000K .......... .......... .......... .......... .......... 2.15M
  1050K .......... .......... .......... .......... .......... 2.67M
  1100K .......... .......... .......... .......... .......... 2.39M
  1150K .......... .......... .......... .......... .......... 1.33M
  1200K .......... .......... .......... .........             1.38M=0.9s

2016-02-10 21:53:13 (1.36 MB/s) - ‘2QH2.pdb’ saved [1269189]

2QH2 contains 20 models
