--2016-02-10 21:48:28--  http://www.rcsb.org/pdb/files/2LQZ.pdb
Resolving www.rcsb.org (www.rcsb.org)... 128.6.70.10
Connecting to www.rcsb.org (www.rcsb.org)|128.6.70.10|:80... connected.
HTTP request sent, awaiting response... 200 OK
Length: unspecified [text/plain]
Saving to: ‘2LQZ.pdb’

     0K .......... .......... .......... .......... ..........  417K
    50K .......... .......... .......... .......... .......... 1.08M
   100K .......... .......... .......... .......... ..........  678K
   150K .......... .......... .......... .......... .......... 1.02M
   200K .......... .......... .......... .......... ..........  978K
   250K .......... .......... .......... .......... .......... 4.17M
   300K .......... .......... .......... .......... ..........  998K
   350K .......... .......... .......... .......... .......... 1.10M
   400K .......... .......... .......... .......... .......... 9.36M
   450K .......... .......... .......... .......... .......... 1.17M
   500K .......... .......... .......... .......... ..........  925K
   550K .......... .......... .......... .......... .......... 7.02M
   600K .......... .......... .                                 577K=0.6s

2016-02-10 21:48:29 (1.03 MB/s) - ‘2LQZ.pdb’ saved [636903]

2LQZ contains 9 models
