--2016-02-10 21:40:35--  http://www.rcsb.org/pdb/files/1PJY.pdb
Resolving www.rcsb.org (www.rcsb.org)... 128.6.70.10
Connecting to www.rcsb.org (www.rcsb.org)|128.6.70.10|:80... connected.
HTTP request sent, awaiting response... 200 OK
Length: unspecified [text/plain]
Saving to: ‘1PJY.pdb’

     0K .......... .......... .......... .......... .......... 83.3K
    50K .......... .......... .......... .......... ..........  244K
   100K .......... .......... .......... .......... ..........  207K
   150K .......... .......... .......... .......... .......... 8.60M
   200K .......... .......... .......... .......... ..........  121K
   250K .......... .......... .......... .......... .......... 4.50M
   300K .......... .......... .......... .......... ..........  299K
   350K .......... .......... .......... .......... ..........  407K
   400K .......... .......... .......... .......... .......... 2.78M
   450K .......... .......... .......... .......... ..........  399K
   500K .......... .......... .......... .......... .......... 2.22M
   550K .......... .......... .......... .......... ..........  359K
   600K .......... .......... .......... .......... .......... 6.14M
   650K .......... .......... .......... .......... .......... 4.18M
   700K .......... .......... .......... .......... ..........  552K
   750K .......... .......... .......... .......... .......... 3.99M
   800K .......... .......... .......... .......... .......... 11.0M
   850K .......... .......... .......... .......... .......... 9.77M
   900K .......... .......... .......... .......... .......... 4.34M
   950K .......... .......... .......... .......... .......... 4.31M
  1000K .......... .......... .......... .......... .......... 95.3K
  1050K .......... .......... .......... .......... .......... 1.65M
  1100K .......... .......... .......... ....                  4.53M=2.8s

2016-02-10 21:40:39 (407 KB/s) - ‘1PJY.pdb’ saved [1161216]

1PJY contains 20 models
