--2016-02-10 21:41:42--  http://www.rcsb.org/pdb/files/1UUU.pdb
Resolving www.rcsb.org (www.rcsb.org)... 128.6.70.10
Connecting to www.rcsb.org (www.rcsb.org)|128.6.70.10|:80... connected.
HTTP request sent, awaiting response... 200 OK
Length: unspecified [text/plain]
Saving to: ‘1UUU.pdb’

     0K .......... .......... .......... .......... ..........  184K
    50K .......... .......... .......... .......... ..........  327K
   100K .......... .......... .......... .......... ..........  620K
   150K .......... .......... .......... .......... ..........  270K
   200K .......... .......... .......... .......... ..........  427K
   250K .......... .......... .......... .......... ..........  663K
   300K .......... .......... .......... .......... ..........  395K
   350K .......... .......... .......... .......... .......... 8.33M
   400K .......... .......... .......... .......... .......... 23.2K
   450K .......... .......... .......... .......... ..........  346K
   500K .......... .......... .......... .......... ..........  312K
   550K .......... .......... .......... .......... ..........  190K
   600K .......... .......... .......... .......... ..........  642K
   650K .......... .......... .......... .......... ..........  260K
   700K .......... .......... .......... .......... .          1.36M=4.0s

2016-02-10 21:41:46 (184 KB/s) - ‘1UUU.pdb’ saved [759780]

1UUU contains 15 models
