--2016-02-10 21:49:23--  http://www.rcsb.org/pdb/files/2M23.pdb
Resolving www.rcsb.org (www.rcsb.org)... 128.6.70.10
Connecting to www.rcsb.org (www.rcsb.org)|128.6.70.10|:80... connected.
HTTP request sent, awaiting response... 200 OK
Length: unspecified [text/plain]
Saving to: ‘2M23.pdb’

     0K .......... .......... .......... .......... ..........  692K
    50K .......... .......... .......... .......... ..........  663K
   100K .......... .......... .......... .......... ..........  705K
   150K .......... .......... .......... .......... .......... 1.16M
   200K .......... .......... .......... .......... ..........  816K
   250K .......... .......... .......... .......... .......... 1.01M
   300K .......... .......... .......... .......... .......... 1.13M
   350K .......... .......... .......... .......... .......... 1.22M
   400K .......... .......... .......... .......... ..........  858K
   450K .......... .......... .......... .......... .......... 1.18M
   500K .......... .......... .......... .......... .......... 1.08M
   550K .......... .......... .......... .......... .......... 1.28M
   600K .......... .......... .......... .......... .......... 1.20M
   650K .......... .......... .......... .......... .......... 1.14M
   700K .......... .......... .......... .......... .......... 4.39M
   750K .......... .......... .......... .......... .......... 1.52M
   800K .......... .......... .......... .......... .......... 1.55M
   850K .......... .......... .......... .......... ..........  838K
   900K .......... .......... .......... .......... .......... 1.32M
   950K .......... .......... .......... .......... .......... 10.6M
  1000K .......... .......... .......... .......... .......... 1.11M
  1050K .......... .......... .......... .......... .......... 1.40M
  1100K .......... .......... .......... .......... .......... 2.10M
  1150K .......... .......... .......... .......... .......... 1.75M
  1200K .......... .......... .......... .......... .......... 1.32M
  1250K .......... .......... .......... .......... .......... 7.25M
  1300K .......... .......... .......... .......... .......... 1.32M
  1350K .......... .......... .......... .......... .......... 1.22M
  1400K .......... .......... .......... .......... .......... 10.0M
  1450K .......... .......... .......... .......... .......... 1.00M
  1500K .......... .......... .......... .......... .......... 1.15M
  1550K .......... .......... .......... .......... .......... 4.73M
  1600K .......... .......... .......... .......... .......... 1.20M
  1650K .......... .......... .......... .......... .......... 1.30M
  1700K .......... .......... .......... .......... .......... 4.98M
  1750K .......... .......... .......... .......... .......... 1.49M
  1800K .......... .......... .......... ......                7.67M=1.4s

2016-02-10 21:49:25 (1.30 MB/s) - ‘2M23.pdb’ saved [1880658]

2M23 contains 20 models
