--2016-02-10 21:40:07--  http://www.rcsb.org/pdb/files/1NC0.pdb
Resolving www.rcsb.org (www.rcsb.org)... 128.6.70.10
Connecting to www.rcsb.org (www.rcsb.org)|128.6.70.10|:80... connected.
HTTP request sent, awaiting response... 200 OK
Length: unspecified [text/plain]
Saving to: ‘1NC0.pdb’

     0K .......... .......... .......... .......... ..........  246K
    50K .......... .......... .......... .......... ..........  250K
   100K .......... .......... .......... .......... ..........  281K
   150K .......... .......... .......... .......... ..........  193K
   200K .......... .......... .......... .......... ..........  144K
   250K .......... .......... .......... .......... ..........  480K
   300K .......... .......... .......... .......... ..........  363K
   350K .......... .......... .......... .......... ..........  102K
   400K .......... .......... .......... .......... ..........  554K
   450K .......... .......... .......... .......... ..........  229K
   500K .......... .......... .......... .......... ..........  214K
   550K .......... .......... .......... .......... ..........  314K
   600K .......... .......... .......... .......... ..........  102K
   650K .......... .......... .......... .......... ..........  105K
   700K .......... .......... .......... .......... ..........  116K
   750K .......... .......... .......... .......... ..........  352K
   800K .......... .......... .......... .......... .......... 74.6K
   850K .......... .......... .......... .......... .......... 85.8K
   900K .......... .......... .......... .......... ..........  925K
   950K .......... .......... .......... .......... ..........  119K
  1000K .......... .......... .......... .......... ..........  147K
  1050K .......... .......... .......... .......... .......... 1.44M
  1100K .......... ........                                     134K=6.4s

2016-02-10 21:40:14 (175 KB/s) - ‘1NC0.pdb’ saved [1144935]

1NC0 contains 18 models
