--2016-02-10 21:43:39--  http://www.rcsb.org/pdb/files/2KYD.pdb
Resolving www.rcsb.org (www.rcsb.org)... 128.6.70.10
Connecting to www.rcsb.org (www.rcsb.org)|128.6.70.10|:80... connected.
HTTP request sent, awaiting response... 200 OK
Length: unspecified [text/plain]
Saving to: ‘2KYD.pdb’

     0K .......... .......... .......... .......... ..........  483K
    50K .......... .......... .......... .......... ..........  703K
   100K .......... .......... .......... .......... ..........  546K
   150K .......... .......... .......... .......... ..........  545K
   200K .......... .......... .......... .......... ..........  348K
   250K .......... .......... .......... .......... ..........  566K
   300K .......... .......... .......... .......... ..........  516K
   350K .......... .......... .......... .......... .......... 1.00M
   400K .......... .......... .......... .......... ..........  674K
   450K .......... .......... .......... .......... ..........  932K
   500K .......... .......... .......... .......... ..........  707K
   550K .......... .......... .......... .......... .......... 1.24M
   600K .......... .......... .......... .......... .......... 1.44M
   650K .......... .......... .......... .......... ..........  738K
   700K .......... .......... .......... .......... .......... 1.24M
   750K .......... .......... .......... .......... .......... 1.39M
   800K .......... .......... .......... .......... ..........  835K
   850K .......... .......... .......... .......... .......... 1.77M
   900K .......... .......... .......... .......... .......... 1.40M
   950K .......... .......... .......... .......... .......... 1.37M
  1000K .......... .......... .......... .......... ..........  476K
  1050K .......... .......... .......... .......... ..........  516K
  1100K .......... .......... .......... .......... ..........  420K
  1150K .......... .......... .......... .......... ..........  716K
  1200K .......... .......... .......... .......... ..........  946K
  1250K .......... .......... .......... .......... ..........  543K
  1300K .......... .......... .......... .......... ..........  991K
  1350K .......... .......... .......... .......... ..........  380K
  1400K .......... .......... .......... .......... ..........  666K
  1450K .......... .......... .......... .......... .......... 5.19M
  1500K .......... .......... .......... .......... .......... 1.16M
  1550K .......... .......... .......... .......... .......... 1.77M
  1600K .......... .......... .......... .                      618K=2.2s

2016-02-10 21:43:41 (732 KB/s) - ‘2KYD.pdb’ saved [1670220]

2KYD contains 20 models
