--2016-02-10 21:49:42--  http://www.rcsb.org/pdb/files/2M24.pdb
Resolving www.rcsb.org (www.rcsb.org)... 128.6.70.10
Connecting to www.rcsb.org (www.rcsb.org)|128.6.70.10|:80... connected.
HTTP request sent, awaiting response... 200 OK
Length: unspecified [text/plain]
Saving to: ‘2M24.pdb’

     0K .......... .......... .......... .......... ..........  449K
    50K .......... .......... .......... .......... ..........  488K
   100K .......... .......... .......... .......... ..........  694K
   150K .......... .......... .......... .......... ..........  912K
   200K .......... .......... .......... .......... .......... 1.26M
   250K .......... .......... .......... .......... .......... 1.25M
   300K .......... .......... .......... .......... ..........  877K
   350K .......... .......... .......... .......... ..........  518K
   400K .......... .......... .......... .......... .......... 1.53M
   450K .......... .......... .......... .......... ..........  966K
   500K .......... .......... .......... .......... .......... 1.66M
   550K .......... .......... .......... .......... ..........  853K
   600K .......... .......... .......... .......... .......... 1.39M
   650K .......... .......... .......... .......... .......... 1.33M
   700K .......... .......... .......... .......... .......... 3.10M
   750K .......... .......... .......... .......... ..........  411K
   800K .......... .......... .......... .......... .......... 4.80M
   850K .......... .......... .......... .......... ..........  860K
   900K .......... .......... .......... .......... .......... 1.36M
   950K .......... .......... .......... .......... ..........  822K
  1000K .......... .......... .......... .......... ..........  840K
  1050K .......... .......... .......... .......... .......... 4.39M
  1100K .......... .......... .......... .......... .......... 1.07M
  1150K .......... .......... .......... .......... .......... 1.94M
  1200K .......... .......... .......... .......... ..........  516K
  1250K .......... .......... .......... .......... ..........  779K
  1300K .......... .......... .......... .......... .......... 6.56M
  1350K .......... .......... .......... .......... ..........  787K
  1400K .......... .......... .......... .......... .......... 7.50M
  1450K .......... .......... .......... ...                    732K=1.5s

2016-02-10 21:49:44 (961 KB/s) - ‘2M24.pdb’ saved [1518993]

2M24 contains 20 models
