--2016-02-10 21:39:34--  http://www.rcsb.org/pdb/files/1LDZ.pdb
Resolving www.rcsb.org (www.rcsb.org)... 128.6.70.10
Connecting to www.rcsb.org (www.rcsb.org)|128.6.70.10|:80... connected.
HTTP request sent, awaiting response... 200 OK
Length: unspecified [text/plain]
Saving to: ‘1LDZ.pdb’

     0K .......... .......... .......... .......... ..........  216K
    50K .......... .......... .......... .......... ..........  392K
   100K .......... .......... .......... .......... ..........  471K
   150K .......... .......... .......... .......... ..........  655K
   200K .......... .......... .......... .......... .......... 1.78M
   250K .......... .......... .......... .......... ..........  395K
   300K .......... .......... .......... .......... ..........  334K
   350K .......... .......... .......... .......... ..........  278K
   400K .......... .......... .......... .......... .......... 8.90M
   450K .......... .......... .......... .......... ..........  258K
   500K .......... .......... .......... .......... .......... 5.86M
   550K .......... .......... .......... .......... ..........  840K
   600K .......... .......... .......... .......... ..........  835K
   650K .......... .......... .......... .......... ..........  581K
   700K .......... .......... .......... .......... .......... 1007K
   750K .......... .......... .......... .......... ..........  460K
   800K .......... .......... .......... .......... ..........  983K
   850K .......... .......... .......... .......... .......... 3.49M
   900K .......... .......... .......... .......... ..........  895K
   950K .......... .......... .......... .......... .......... 2.12M
  1000K .......... .......... .......... .......... .......... 11.3M
  1050K .......... .......... .......... .......... ..........  214K
  1100K .......... .......... .......... .......... .......... 3.26M
  1150K .......... .......... .......... .......... .......... 7.19M
  1200K .......... .......... .......... .......... ..........  284K
  1250K .......... .......... .......... .......... .......... 2.42M
  1300K .......... .......... .......... .......... .......... 5.67M
  1350K .......... .......... .......... .......... .......... 6.05M
  1400K .......... .......... .......... .......... ..........  337K
  1450K .......... .......... .......... .......... .......... 8.04M
  1500K .......... .......... .......... .......... .......... 3.57M
  1550K .......... .......... .......... .......... .......... 6.82M
  1600K .......... .......... .......... .......... .......... 3.57M
  1650K .......... .......... .......... .......... ..........  258K
  1700K .......... .......... .......... .......... .......... 3.30M
  1750K .......... .......... .......... .......... .......... 3.82M
  1800K .......... .......... .......... .......... .......... 3.79M
  1850K .......... .......... .......... .......... .......... 2.67M
  1900K .......... .......... .......... .......... .......... 3.93M
  1950K ...                                                    10.1M=2.7s

2016-02-10 21:39:38 (732 KB/s) - ‘1LDZ.pdb’ saved [2000862]

1LDZ contains 25 models
