--2016-02-10 21:47:58--  http://www.rcsb.org/pdb/files/2K66.pdb
Resolving www.rcsb.org (www.rcsb.org)... 128.6.70.10
Connecting to www.rcsb.org (www.rcsb.org)|128.6.70.10|:80... connected.
HTTP request sent, awaiting response... 200 OK
Length: unspecified [text/plain]
Saving to: ‘2K66.pdb’

     0K .......... .......... .......... .......... ..........  526K
    50K .......... .......... .......... .......... ..........  370K
   100K .......... .......... .......... .......... .......... 1019K
   150K .......... .......... .......... .......... ..........  974K
   200K .......... .......... .......... .......... ..........  927K
   250K .......... .......... .......... .......... .......... 2.49M
   300K .......... .......... .......... .......... ..........  735K
   350K .......... .......... .......... .......... .......... 1.06M
   400K .......... .......... .......... .......... .......... 4.13M
   450K .......... .......... .......... .......... ..........  814K
   500K .......... .......... .......... .......... .......... 3.35M
   550K .......... .......... .......... .......... .......... 1.33M
   600K .......... .......... .......... .......... .......... 1.57M
   650K .......... .......... .......... .......... .......... 1.92M
   700K .......... .......... .......... .......... .......... 1.41M
   750K .......... .......... .......... .......... .......... 4.33M
   800K .......... .......... .......... .......... .......... 1.95M
   850K .......... .......... .......... .......... .......... 1.94M
   900K .......... .......... .......... .......... .......... 2.70M
   950K .......... .......... .......... .......... .......... 3.41M
  1000K .......... .......... .......... .......... .......... 1.38M
  1050K .......... .......... .......... .......... .......... 1.26M
  1100K .......... .......... .......... .......... ...        3.96M=0.9s

2016-02-10 21:47:59 (1.22 MB/s) - ‘2K66.pdb’ saved [1171422]

2K66 contains 20 models
