--2016-02-10 21:40:48--  http://www.rcsb.org/pdb/files/1R7W.pdb
Resolving www.rcsb.org (www.rcsb.org)... 128.6.70.10
Connecting to www.rcsb.org (www.rcsb.org)|128.6.70.10|:80... connected.
HTTP request sent, awaiting response... 200 OK
Length: unspecified [text/plain]
Saving to: ‘1R7W.pdb’

     0K .......... .......... .......... .......... .......... 76.1K
    50K .......... .......... .......... .......... ..........  224K
   100K .......... .......... .......... .......... ..........  287K
   150K .......... .......... .......... .......... .......... 1.31M
   200K .......... .......... .......... .......... .......... 12.7M
   250K .......... .......... .......... .......... ..........  595K
   300K .......... .......... .......... .......... ..........  416K
   350K .......... .......... .......... .......... .......... 1.90M
   400K .......... .......... .......... .......... ..........  134K
   450K .......... .......... .......... .......... ..........  173M
   500K .......... .......... .......... .......... ..........  181M
   550K .......... .......... .......... .......... ..........  296K
   600K .......... .......... .......... .......... .......... 5.52M
   650K .......... .......... .......... .......... ..........  457K
   700K .......... .......... .......... .......... .......... 2.03M
   750K .......... .......... .......... .......... ..........  557K
   800K .......... .......... .......... .......... .......... 1.09M
   850K .......... .......... .......... .......... .......... 1.05M
   900K .......... .......... .......... .......... ..........  174K
   950K .......... .......... .......... .......... .......... 1002K
  1000K .......... .......... .......... .......... ..........  170K
  1050K .......... .......... .......... .......... ..........  331K
  1100K .......... .......... .......... .......... ..........  408K
  1150K .......... .......... .......... .......... .......... 7.35M
  1200K .......... .......... .......... .......... .......... 1.03M
  1250K .......... .......... .......... .......... .......... 2.76M
  1300K .......... .......... .......... .......... ..........  817K
  1350K .......... .......... .......... .......... ..........  430K
  1400K .......... .......... .......... .......... .......... 3.91M
  1450K .......... .......... .......... .......... ..........  669K
  1500K .......... .......... .......... .......... .......... 2.60M
  1550K .......... .......... .......... .......... ..........  711K
  1600K .......... .......... .......... .......... .......... 2.49M
  1650K .......... .......... .......... .......... .......... 1.08M
  1700K .......... .......... .......... .........             1.39M=3.6s

2016-02-10 21:40:52 (481 KB/s) - ‘1R7W.pdb’ saved [1781190]

1R7W contains 20 models
