--2016-02-10 21:44:46--  http://www.rcsb.org/pdb/files/2LK3.pdb
Resolving www.rcsb.org (www.rcsb.org)... 128.6.70.10
Connecting to www.rcsb.org (www.rcsb.org)|128.6.70.10|:80... connected.
HTTP request sent, awaiting response... 200 OK
Length: unspecified [text/plain]
Saving to: ‘2LK3.pdb’

     0K .......... .......... .......... .......... ..........  471K
    50K .......... .......... .......... .......... .......... 1.07M
   100K .......... .......... .......... .......... ..........  665K
   150K .......... .......... .......... .......... .......... 1000K
   200K .......... .......... .......... .......... .......... 1.45M
   250K .......... .......... .......... .......... .......... 1.28M
   300K .......... .......... .......... .......... .......... 3.35M
   350K .......... .......... .......... .......... .......... 1.20M
   400K .......... .......... .......... .......... .......... 1.03M
   450K .......... .......... .......... .......... .......... 1.32M
   500K .......... .......... .......... .......... .......... 2.09M
   550K .......... .......... .......... .......... .......... 1.58M
   600K .......... .......... ...                               324K=0.6s

2016-02-10 21:44:47 (1013 KB/s) - ‘2LK3.pdb’ saved [638685]

2LK3 contains 10 models
