--2016-02-10 21:44:21--  http://www.rcsb.org/pdb/files/2LHP.pdb
Resolving www.rcsb.org (www.rcsb.org)... 128.6.70.10
Connecting to www.rcsb.org (www.rcsb.org)|128.6.70.10|:80... connected.
HTTP request sent, awaiting response... 200 OK
Length: unspecified [text/plain]
Saving to: ‘2LHP.pdb’

     0K .......... .......... .......... .......... ..........  380K
    50K .......... .......... .......... .......... ..........  551K
   100K .......... .......... .......... .......... ..........  487K
   150K .......... .......... .......... .......... .......... 1.10M
   200K .......... .......... .......... .......... ..........  901K
   250K .......... .......... .......... .......... .......... 1017K
   300K .......... .......... .......... .......... ..........  930K
   350K .......... .......... .......... .......... .......... 1.95M
   400K .......... .......... .......... .......... .......... 1.99M
   450K .......... .......... .......... .......... ..........  882K
   500K .......... .......... .......... .......... .......... 1.35M
   550K .......... .......... .......... .......... .......... 1.49M
   600K .......... .......... .......... .......... .......... 2.21M
   650K .......... .......... .......... .......... .......... 1.11M
   700K .......... .......... .......... .......... .......... 1.14M
   750K .......... .......... .......... .......... .......... 3.80M
   800K .......... .......... .......... .......... ..........  701K
   850K .......... .......... .......... .......... .......... 2.69M
   900K .......... .......... .......... .......... ..........  827K
   950K ......                                                 9.35M=1.0s

2016-02-10 21:44:23 (981 KB/s) - ‘2LHP.pdb’ saved [979857]

2LHP contains 10 models
