--2016-02-10 21:42:35--  http://www.rcsb.org/pdb/files/2GM0.pdb
Resolving www.rcsb.org (www.rcsb.org)... 128.6.70.10
Connecting to www.rcsb.org (www.rcsb.org)|128.6.70.10|:80... connected.
HTTP request sent, awaiting response... 200 OK
Length: unspecified [text/plain]
Saving to: ‘2GM0.pdb’

     0K .......... .......... .......... .......... ..........  101K
    50K .......... .......... .......... .......... .......... 76.8K
   100K .......... .......... .......... .......... .......... 95.8K
   150K .......... .......... .......... .......... ..........  162K
   200K .......... .......... .......... .......... ..........  265K
   250K .......... .......... .......... .......... ..........  120K
   300K .......... .......... .......... .......... ..........  352K
   350K .......... .......... .......... .......... ..........  410K
   400K .......... .......... .......... .......... ..........  647K
   450K .......... .......... .......... .......... ..........  342K
   500K .......... .......... .......... .......... ..........  387K
   550K .......... .......... .......... .......... ..........  336K
   600K .......... .......... .......... .......... ..........  869K
   650K .......... .......... .......... .......... ..........  809K
   700K .......... .......... .......... .......... ..........  589K
   750K .......... .......... .......... .......... ..........  694K
   800K .......... .......... .......... .......... ..........  746K
   850K .......... .......... .......... .......... ..........  391K
   900K .......... .......... .......... .......... ..........  517K
   950K .......... .......... .......... .......... .......... 1.33M
  1000K .......... .......... .......... .......... ..........  806K
  1050K .......... .......... .......... .......... .......... 1.04M
  1100K .......... .......... .......... .......... ..........  780K
  1150K .......... .......... .......... .......... .......... 1.10M
  1200K .......... .......... .......... .......... ..........  790K
  1250K .......... .......... .......... .......... ..........  733K
  1300K .......... .......... .......... .......... ..........  642K
  1350K .......... .......... .......... .......... .......... 1.11M
  1400K .......... .......... .......... .......... .......... 1.24M
  1450K .......... .......... .......... .......... .......... 1.47M
  1500K .......... .......... .......... .......... .......... 1.06M
  1550K .......... .......... .......... .......... .......... 1.30M
  1600K .......... .......... .......... .......... .......... 1.63M
  1650K .......... .......... .......... .......... ..........  827K
  1700K .......... .......... .......... .......... ..........  477K
  1750K .......... .......... .......... .......... .......... 1.29M
  1800K .......... .                                           4.93M=4.8s

2016-02-10 21:42:40 (376 KB/s) - ‘2GM0.pdb’ saved [1855062]

2GM0 contains 10 models
