--2016-02-10 21:47:11--  http://www.rcsb.org/pdb/files/2JWV.pdb
Resolving www.rcsb.org (www.rcsb.org)... 128.6.70.10
Connecting to www.rcsb.org (www.rcsb.org)|128.6.70.10|:80... connected.
HTTP request sent, awaiting response... 200 OK
Length: unspecified [text/plain]
Saving to: ‘2JWV.pdb’

     0K .......... .......... .......... .......... ..........  208K
    50K .......... .......... .......... .......... ..........  378K
   100K .......... .......... .......... .......... ..........  754K
   150K .......... .......... .......... .......... .......... 1.00M
   200K .......... .......... .......... .......... ..........  476K
   250K .......... .......... .......... .......... .......... 2.74M
   300K .......... .......... .......... .......... ..........  628K
   350K .......... .......... .......... .......... .......... 1.04M
   400K .......... .......... .......... .......... .......... 4.06M
   450K .......... .......... .......... .......... ..........  897K
   500K .......... .......... .......... .......... ..........  851K
   550K .......... .......... .......... .......... .......... 1.42M
   600K .......... .......... .......... .......... ..........  880K
   650K .......... .......... .......... .......... ..........  696K
   700K .......... .......... .......... .......... ......     9.21M=1.0s

2016-02-10 21:47:13 (723 KB/s) - ‘2JWV.pdb’ saved [764721]

2JWV contains 10 models
