--2016-02-10 21:48:57--  http://www.rcsb.org/pdb/files/2M21.pdb
Resolving www.rcsb.org (www.rcsb.org)... 128.6.70.10
Connecting to www.rcsb.org (www.rcsb.org)|128.6.70.10|:80... connected.
HTTP request sent, awaiting response... 200 OK
Length: unspecified [text/plain]
Saving to: ‘2M21.pdb’

     0K .......... .......... .......... .......... .......... 80.7K
    50K .......... .......... .......... .......... ..........  264K
   100K .......... .......... .......... .......... ..........  274K
   150K .......... .......... .......... .......... ..........  272K
   200K .......... .......... .......... .......... .......... 45.5K
   250K .......... .......... .......... .......... ..........  133K
   300K .......... .......... .......... .......... ..........  192K
   350K .......... .......... .......... .......... .......... 56.5K
   400K .......... .......... .......... .......... ..........  105K
   450K .......... .......... .......... .......... ..........  592K
   500K .......... .......... .......... .......... ..........  416K
   550K .......... .......... .......... .......... ..........  137K
   600K .......... .......... .......... .......... ..........  653K
   650K .......... .......... .......... .......... .......... 1.23M
   700K .......... .......... .......... .......... ..........  459K
   750K ........                                               11.3M=5.1s

2016-02-10 21:49:02 (150 KB/s) - ‘2M21.pdb’ saved [776385]

2M21 contains 14 models
