--2016-02-10 21:49:09--  http://www.rcsb.org/pdb/files/2M22.pdb
Resolving www.rcsb.org (www.rcsb.org)... 128.6.70.10
Connecting to www.rcsb.org (www.rcsb.org)|128.6.70.10|:80... connected.
HTTP request sent, awaiting response... 200 OK
Length: unspecified [text/plain]
Saving to: ‘2M22.pdb’

     0K .......... .......... .......... .......... ..........  375K
    50K .......... .......... .......... .......... ..........  493K
   100K .......... .......... .......... .......... ..........  527K
   150K .......... .......... .......... .......... ..........  477K
   200K .......... .......... .......... .......... ..........  802K
   250K .......... .......... .......... .......... ..........  774K
   300K .......... .......... .......... .......... ..........  732K
   350K .......... .......... .......... .......... ..........  674K
   400K .......... .......... .......... .......... .......... 1.15M
   450K .......... .......... .......... .......... ..........  805K
   500K .......... .......... .......... .......... .......... 1.13M
   550K .......... .......... .......... .......... ..........  913K
   600K .......... .......... .......... .......... .......... 1.20M
   650K .......... .......... .......... .......... .......... 1.22M
   700K .......... .......... .......... .......... .......... 1014K
   750K .......... .......... .......... .......... .......... 1.30M
   800K .......... .......... .......... .......... ..........  619K
   850K .......... .......... .......... .......... .......... 1.24M
   900K .......... .......... .......... .......... .......... 1003K
   950K .......... .......... .......... .......... .......... 1.50M
  1000K .......... .......... .......... .......... .......... 1.21M
  1050K .......... .......... .......... .......... .......... 1.08M
  1100K .......... .......... .......... .......... .......... 1.39M
  1150K .......... .......... .......... ........               792K=1.4s

2016-02-10 21:49:11 (822 KB/s) - ‘2M22.pdb’ saved [1216863]

2M22 contains 20 models
